<?xml version="1.0" encoding="UTF-8"?>
<!-- Generated by org.testng.reporters.JUnitReportReporter -->
<testsuite hostname="DESKTOP-DRH83U0" failures="0" tests="1" name="createTest.ModularCustomer" time="0.009" errors="0" timestamp="2023-01-18T12:39:01 IST" skipped="0">
  <testcase classname="createTest.ModularCustomer" name="editcustomer" time="0.009"/>
  <system-out/>
</testsuite> <!-- createTest.ModularCustomer -->
