<?xml version="1.0" encoding="UTF-8"?>
<!-- Generated by org.testng.reporters.JUnitReportReporter -->
<testsuite skipped="0" hostname="DESKTOP-LR7I5H0" name="createTest.CustomerModule" tests="1" failures="0" timestamp="2023-01-23T17:27:49 IST" time="0.003" errors="0">
  <testcase name="delete" time="0.003" classname="createTest.CustomerModule"/>
  <system-out/>
</testsuite> <!-- createTest.CustomerModule -->
