<?xml version="1.0" encoding="UTF-8"?>
<!-- Generated by org.testng.reporters.JUnitReportReporter -->
<testsuite hostname="DESKTOP-DRH83U0" failures="0" tests="1" name="createTest.CreateCustomer" time="0.002" errors="0" timestamp="2023-01-18T12:38:45 IST" skipped="0">
  <testcase classname="createTest.CreateCustomer" name="create" time="0.002"/>
  <system-out/>
</testsuite> <!-- createTest.CreateCustomer -->
