<?xml version="1.0" encoding="UTF-8"?>
<!-- Generated by org.testng.reporters.JUnitReportReporter -->
<testsuite hostname="DESKTOP-DRH83U0" failures="0" tests="1" name="createTest.Parameter_Test" time="0.009" errors="0" timestamp="2023-01-18T13:12:22 IST" skipped="0">
  <testcase classname="createTest.Parameter_Test" name="runparameter" time="0.009"/>
  <system-out/>
</testsuite> <!-- createTest.Parameter_Test -->
