<?xml version="1.0" encoding="UTF-8"?>
<!-- Generated by org.testng.reporters.JUnitReportReporter -->
<testsuite hostname="DESKTOP-DRH83U0" failures="0" tests="1" name="createTest.CustomerModule" time="0.002" errors="0" timestamp="2023-01-18T12:39:01 IST" skipped="0">
  <testcase classname="createTest.CustomerModule" name="delete" time="0.002"/>
  <system-out/>
</testsuite> <!-- createTest.CustomerModule -->
