<?xml version="1.0" encoding="UTF-8"?>
<!-- Generated by org.testng.reporters.JUnitReportReporter -->
<testsuite skipped="0" hostname="DESKTOP-LR7I5H0" name="createTest.ModularCustomer" tests="1" failures="0" timestamp="2023-01-23T17:27:49 IST" time="0.017" errors="0">
  <testcase name="editcustomer" time="0.017" classname="createTest.ModularCustomer"/>
  <system-out/>
</testsuite> <!-- createTest.ModularCustomer -->
